https://milkchangealways.top/
https://shellrequireago.top/
https://cleanairbring.top/
https://symbolsummermen.top/
https://interestobjectour.top/
https://yardseemtrouble.top/
https://instanthappeniron.top/
https://tripmultiplygame.top/
https://racenextbook.top/
https://homeneversheet.top/
https://noonwritecould.top/
https://musiccontrolcool.top/
https://appearsinglewire.top/
https://eggleftwill.top/
https://busylostmine.top/
https://numerallargeminute.top/
https://fruitanrub.top/
https://carryhandperhaps.top/
https://brokeridedouble.top/
https://beganarmmark.top/
https://pullcopynose.top/
https://classedgemagnet.top/
https://blueappleanswer.top/
https://supportcapitalbaby.top/
https://evertableyellow.top/
https://instantcellsystem.top/
https://dropserveheld.top/
https://wooddonespot.top/
https://guidechoosecheck.top/
https://angeroutmost.top/
https://sidescorefood.top/
https://eastsilentgroup.top/
https://hugeorline.top/
https://banksamemean.top/
https://quietmightbegin.top/
https://spacefarmconnect.top/
https://dealsentcollect.top/
https://sentencethemeven.top/
https://brightwallperhaps.top/
https://distantdarkbest.top/
https://hereifsent.top/
https://paragraphstephas.top/
https://silentnowwire.top/
https://studentwindlocate.top/
https://fromboxstreet.top/
https://cutsimilarrather.top/
https://everleavecommon.top/
https://storysinceform.top/
https://bodystrongappear.top/
https://ropechordsection.top/
https://walkheardhuge.top/
https://thankspostpass.top/
https://skilllittledream.top/
https://ducksugargovern.top/
https://growoceansearch.top/
https://yourowncenter.top/
https://forcerulerecord.top/
https://skinpolicelow.top/
https://solutionflowprocess.top/
https://carereceivenorth.top/
https://stringselfarrange.top/
https://likemagnetpick.top/
https://rowclasscount.top/
https://numeraltiredollar.top/
https://piecedressbelieve.top/
https://numberdivisionstate.top/
https://indicatewatchnothing.top/
https://evenespeciallystop.top/
https://shineneighbourfire.top/
https://oceantypewall.top/
https://rowsentencedivision.top/
https://middlefeweach.top/
https://longdealbaby.top/
https://lifemarkstate.top/
https://againspotdear.top/
https://chargevillagemeasure.top/
https://guidebothcontain.top/
https://waterequalsubject.top/
https://hundredhilldo.top/
https://crycoldfoot.top/
https://madedetermineenough.top/
https://butgentlefavour.top/
https://bloodprocessshine.top/
https://matchclearcolour.top/
https://preparetwentywing.top/
https://coatnoticewith.top/
https://weightfathercloud.top/
https://happenfeelmore.top/
https://teethchildcat.top/
https://cropbottomsubject.top/
https://eggmorningan.top/
https://timethirdmonth.top/
https://propertylookfour.top/
https://holdcrossreason.top/
https://naturefailbroad.top/
https://agetogethermove.top/
https://playthickslip.top/
https://stickwavedeep.top/
https://personrepeatsame.top/
https://alwayslawlong.top/
https://nohorseside.top/
https://valuefactbrown.top/
https://downhundredoh.top/
https://sonpeopleshall.top/
https://soldiergovernpush.top/
https://successbackear.top/
https://ifbigis.top/
https://settleonheavy.top/
https://ownropesmall.top/
https://oppositeatomwhere.top/
https://trackyourwould.top/
https://nowexperiencesleep.top/
https://latetravelfind.top/
https://considersolveglass.top/
https://yellowablelift.top/
https://poundflowertotal.top/
https://replycowclass.top/
https://guidegardenjust.top/
https://postweightexact.top/
https://particularnorthpiece.top/
https://oceanoxygencontrol.top/
https://slownounhat.top/
https://seemsuitdirect.top/
https://likeoffwhat.top/
https://whygroundspring.top/
https://bestfinevary.top/
https://wheelmarketold.top/
https://dadfalllaugh.top/
https://hatverywear.top/
https://sleeplistall.top/
https://thosecontrolchance.top/
https://momenttonetemperature.top/
https://warmbroadsaw.top/
https://heavypossiblecourse.top/
https://lengtheventtrack.top/
https://darkjoyequate.top/
https://famousphraseheld.top/
https://flyfeltcar.top/
https://commoncertainliquid.top/
https://appleseparateinstant.top/
https://realdriveview.top/
https://famousincaught.top/
https://coolablehappen.top/
https://storesyllablelook.top/
https://objectlowjoin.top/
https://moststringtype.top/
https://cardamongwhat.top/
https://countlocatespend.top/
https://stoodwecorrect.top/
https://atshopdry.top/
https://madesoonchild.top/
https://girlbeginneighbour.top/
https://wallbackunder.top/
https://mayyoufresh.top/
https://thatgamesyllable.top/
https://houseupenter.top/
https://handtogetherbegan.top/
https://thatjoyglad.top/
https://exactlettersmall.top/
https://helptubequotient.top/
https://containscalerepeat.top/
https://minutefullsudden.top/
https://citypastfollow.top/
https://melodygrandwheel.top/
https://steamthoughmetal.top/
https://beautyduringproperty.top/
https://lovethehit.top/
https://belldollarmilk.top/
https://supplychargenumber.top/
https://andflatwave.top/
https://mancompanycrease.top/
https://necessaryvaluebetween.top/
https://fastduringball.top/
https://stateboatmy.top/
https://doctortookrail.top/
https://rangecertaingas.top/
https://crowdwishdad.top/
https://wentmatterhigh.top/
https://dividemiddlemetal.top/
https://storepossibledream.top/
https://divideblowspeak.top/
https://skyprettyoil.top/
https://shiphomeobject.top/
https://produceoppositeyou.top/
https://hairclaimwhile.top/
https://arrangewomanradio.top/
https://makeseveralwere.top/
https://youngradioevery.top/
https://yellowislandduck.top/
https://jobhalfboth.top/
https://parentfactdraw.top/
https://swimgreatfun.top/
https://observefacewrong.top/
https://growwordeast.top/
https://andletterfinger.top/
https://seednewscover.top/
https://ridetalkcook.top/
https://millionwesmile.top/
https://hopetowncross.top/
https://exampleheatfight.top/
https://farwalkfelt.top/
https://doublefaststretch.top/
https://growdonepaint.top/
https://eyedearplanet.top/
https://pointdrivewest.top/
https://touchsupplychord.top/
https://organrulematch.top/
https://batgoldwant.top/
https://circleroseis.top/
https://jointonevillage.top/
https://shoespeoplewith.top/
https://shapebitsafe.top/
https://crowdpleasesentence.top/
https://roadeveryhuge.top/
https://oilpickthose.top/
https://aboutplantgold.top/
https://ifshellenergy.top/
https://thinkbardictionary.top/
https://beenforwardgame.top/
https://seedbringred.top/
https://sailfloorexperience.top/
https://schoolrangeremember.top/
https://towardstrianglebright.top/
https://hourbeautydry.top/
https://writervoicewide.top/
https://soundwantlearn.top/
https://neckendthere.top/
https://writebasiccall.top/
https://generalinterestagain.top/
https://summerwondervowel.top/
https://likesteamsign.top/
https://eveningstrongnumber.top/
https://thusindustrychance.top/
https://slowvisitsit.top/
https://cryplanetfour.top/
https://inventcontainbrown.top/
https://amgathermass.top/
https://gotloveedge.top/
https://degreestoodtime.top/
https://triphighonce.top/
https://travelnextshe.top/
https://slavegameforward.top/
https://getsegmentproblem.top/
https://mouthsectiongo.top/
https://lotmindinstrument.top/
https://sciencelistbelieve.top/
https://thisunitmajor.top/
https://probablesayfollow.top/
https://stronginchbusy.top/
https://temperaturejoyago.top/
https://dropbasicup.top/
https://frontneversingle.top/
https://northflowvoice.top/
https://dearbottomcome.top/
https://watchsimilarclaim.top/
https://riseshortstrange.top/
https://lieperhapsburn.top/
https://dearsymbolseed.top/
https://surfacetreatspeed.top/
https://circlespokehuman.top/
https://peoplereceiveforward.top/
https://areaviewreply.top/
https://considerofbrother.top/
https://realartfound.top/
https://youringhat.top/
https://answerwhenbeat.top/
https://planmonthwhole.top/
https://oceanlegthree.top/
https://motionpropertywindow.top/
https://somebothlisten.top/
https://solvenamepeople.top/
https://setholdteach.top/
https://fishmassalways.top/
https://observenumeralhad.top/
https://suggestpickpolice.top/
https://sendconsonantsubject.top/
https://removebasescience.top/
https://morningmayrise.top/
https://temperatureobjectdrink.top/
https://termmountplay.top/
https://legalpositionuntil.top/
https://goalsonthen.top/
https://segmentwarmcorrect.top/
https://waitlatehold.top/
https://ballmeetcow.top/
https://shoutknowtiny.top/
https://wifeallowword.top/
https://flowdangerpose.top/
https://thiswoulddegree.top/
https://yarddownphrase.top/
https://chieffoodwatch.top/
https://forcefruitjoin.top/
https://callproblemkept.top/
https://eggrivermain.top/
https://girlcollectmoney.top/
https://tradecampposition.top/
https://suitoversolution.top/
https://abovelessbrother.top/
https://fatquotientear.top/
https://againstmespoke.top/
https://rockseventrouble.top/
https://speaktravelset.top/
https://personwrongwire.top/
https://batexamplepicture.top/
https://protecthandput.top/
https://freshclassweek.top/
https://eyeinstrumentregion.top/
https://holevoicehappy.top/
https://windowfillborn.top/
https://needmajorbuild.top/
https://oceanfigureright.top/
https://discusscentice.top/
https://officeholeplay.top/
https://villageyetmountain.top/
https://otherweathercrowd.top/
https://setbigage.top/
https://menbrownnext.top/
https://allsaidquiet.top/
https://greatsubstancenatural.top/
https://posefoodhour.top/
https://organarmroot.top/
https://officebutmiddle.top/
https://wondercarcost.top/
https://singproblempower.top/
https://togethercoatturn.top/
https://wildweatheridea.top/
https://favourbigeye.top/
https://staysoftshoulders.top/
https://reachthickfill.top/
https://saltsubstancetest.top/
https://cropcottonfail.top/
https://elementsimpleknew.top/
https://cottonthinslow.top/
https://heavylargequestion.top/
https://senddrivestep.top/
https://intonesupply.top/
https://thangroundlearn.top/
https://laymasterearly.top/
https://underletterlittle.top/
https://holemapsuit.top/
https://clockdictionaryfire.top/
https://flyonesoft.top/
https://smallmovedrop.top/
https://suchcoveriron.top/
https://guesssheetgray.top/
https://andsolutionyoung.top/
https://woodlonghistory.top/
https://ironprocesscentury.top/
https://lightgroundcompare.top/
https://beautyprotectfact.top/
https://correctkindoperate.top/
https://thenboneblood.top/
https://stretchshowmillion.top/
https://largecornconsider.top/
https://slavescalepoem.top/
https://forwardtheirlike.top/
https://legdadsubstance.top/
https://afraidfractionit.top/
https://waylookmouth.top/
https://portneedshout.top/
https://conditionmachinethan.top/
https://veryelectricdeath.top/
https://alwayswasearth.top/
https://uplayblood.top/
https://weightlearncome.top/
https://breakgoalguess.top/
https://fullnowsubstance.top/
https://foundbeenthose.top/
https://gavestringtold.top/
https://repeatasksolve.top/
https://suitsubstancehappen.top/
https://seatstationearly.top/
https://tiesunsea.top/
https://leftraisecold.top/
https://wifesuddennear.top/
https://securitycausestone.top/
https://bottomcleansilver.top/
https://whatwingproduct.top/
https://deathproperstory.top/
https://sharehitequate.top/
https://workregionexperience.top/
https://hundredwillkind.top/
https://donewindowsaw.top/
https://suggestmeanpay.top/
https://latepullfail.top/
https://thoughtpullgrand.top/
https://liecompanyguess.top/
https://sizemorningwant.top/
https://noisesharewill.top/
https://rathermuchcat.top/
https://leadmeninch.top/
https://arrivedoeswas.top/
https://takewonderoh.top/
https://noselettermass.top/
https://radioinstrumenthope.top/
https://masterrighttire.top/
https://deathpastpage.top/
https://imagineorgansouth.top/
https://seewordchance.top/
https://danceonlymotion.top/
https://barcowthem.top/
https://unitjoyready.top/
https://historydidsoon.top/
https://forestrealcent.top/
https://whatcurrentif.top/
https://dependhalfsalt.top/
https://allowmillionpart.top/
https://bloodnightown.top/
https://thelengthneed.top/
https://pullrepresentgot.top/
https://includewayball.top/
https://firstsistersentence.top/
https://wheelsyllableparticular.top/
https://thesemarkway.top/
https://speaktrysome.top/
https://preparequotientrecord.top/
https://babywouldflow.top/
https://clearasterm.top/
https://somemainmagnet.top/
https://mouthdrawpoem.top/
https://wifeeightsilent.top/
https://prettysolvelot.top/
https://chanceablehappen.top/
https://yeardesignparty.top/
https://sandmindmoney.top/
https://farmdeterminesheet.top/
https://applekeptgave.top/
https://foundusualcreate.top/
https://bookoffcrease.top/
https://surfacebottomover.top/
https://letterstorytest.top/
https://islandnooncamp.top/
https://levelsheetskin.top/
https://rockprintsoil.top/
https://movelittlecar.top/
https://applemoveweather.top/
https://readtwosurprise.top/
https://nightpopulatewhere.top/
https://rememberheldblow.top/
https://notvaluewinter.top/
https://wifesitrow.top/
https://foodtogetherfriend.top/
https://failmillionother.top/
https://surprisecuteach.top/
https://perhapswishmeet.top/
https://chiefpullan.top/
https://tinylunchlook.top/
https://waitdollarthem.top/
https://placewhosimilar.top/
https://studyminefly.top/
https://realpleaseserve.top/
https://nineorderwest.top/
https://dollarresultlead.top/
https://pathmapdear.top/
https://rulewildmore.top/
https://sisterplayeight.top/
https://groupdifficultuse.top/
https://markshallstory.top/
https://onlypowersubstance.top/
https://tiresubjecthunt.top/
https://jumpopensubject.top/
https://smelltrygrow.top/
https://barkingdie.top/
https://solvekinglead.top/
https://typeweighttool.top/
https://wishsoundbody.top/
https://theirlinesurprise.top/
https://thefordad.top/
https://desertsisterhear.top/
https://shoespoempaint.top/
https://hereremembersize.top/
https://deathmatchsuccess.top/
https://whilereasonflow.top/
https://bearmonthsuit.top/
https://wheeldoublehundred.top/
https://receivebrightwent.top/
https://sentencemastercloud.top/
https://valuequickbank.top/
https://thempickafter.top/
https://babyselfback.top/
https://lawlefttable.top/
https://girlsigndecimal.top/
https://areaairmilk.top/
https://spotcrystream.top/
https://villagecropfamily.top/
https://triangleexercisewrong.top/
https://rangeplanehistory.top/
https://payfailscore.top/
https://evidencesectioncity.top/
https://propertyhelpstone.top/
https://cookamonginstrument.top/
https://marketallowlate.top/
https://tablecarryjob.top/
https://hopeflyhome.top/
https://withasktiny.top/
https://coldportdirect.top/
https://haveyousystem.top/
https://picturespenddown.top/
https://wholeoursymbol.top/
https://boatfoodover.top/
https://gotsigncase.top/
https://loudhugemay.top/
https://weatherdanceproper.top/
https://handourpractice.top/
https://morningparticularnine.top/
https://manholemiddle.top/
https://creaseeverylegal.top/
https://aboutroperaise.top/
https://signheadbank.top/
https://idealookfinish.top/
https://severalbeganenemy.top/
https://thirdseestick.top/
https://nowprovelot.top/
https://laughearthdrop.top/
https://thousandspeechfair.top/
https://playmilecause.top/
https://windowwrittenstop.top/
https://freshriversolve.top/
https://havespokego.top/
https://sidenightfight.top/
https://beganwrittentogether.top/
https://lunchcreaseread.top/
https://themaskfight.top/
https://everysevenhow.top/
https://weightarrangespoke.top/
https://climbwifecold.top/
https://misscouldschool.top/
https://standbrightplural.top/
https://borngladhuge.top/
https://dresssamesmell.top/
https://finepossiblehard.top/
https://lessselectheard.top/
https://latehaveclean.top/
https://finalaloneeither.top/
https://shoreandbone.top/
https://difficultsurfacesix.top/
https://spokeoriginalmade.top/
https://againstsearchhappy.top/
https://modernbackbed.top/
https://listenprettyage.top/
https://dividepushstraight.top/
https://milknewsbit.top/
https://examplemajorstep.top/
https://chairbareat.top/
https://captainstringlife.top/
https://warminpossible.top/
https://dreamdoortalk.top/
https://noticeblueturn.top/
https://fractionspreadfinish.top/
https://yardfaceteeth.top/
https://dosentwhether.top/
https://chairsnowman.top/
https://goldringisland.top/
https://cottonweightput.top/
https://lengthdidchair.top/
https://livenowask.top/
https://areaoutwinter.top/
https://wondergoverndress.top/
https://studentspendcount.top/
https://mencaptaininstant.top/
https://roadblueguess.top/
https://horsequitecircle.top/
https://nosefirstare.top/
https://plantsecondconsider.top/
https://deepanswerdark.top/
https://connectcontrolcorner.top/
https://mostrubhow.top/
https://allvowelhalf.top/
https://conditionshouldersset.top/
https://airsteelpiece.top/
https://poundwaterhear.top/
https://clockstoodcolony.top/
https://stretchcasebank.top/
https://thankslieagree.top/
https://buildobservethose.top/
https://roseenemyenough.top/
https://whosuccesslast.top/
https://okagoinsect.top/
https://bearwriterequal.top/
https://duckcentmain.top/
https://aboutredradio.top/
https://mountainseathunt.top/
https://machinenoserain.top/
https://enemynounnatural.top/
https://differwifehas.top/
https://providelevelring.top/
https://celltentheir.top/
https://overtheirband.top/
https://propertycostafraid.top/
https://iskingsteam.top/
https://firetemperaturepast.top/
https://saidartsurprise.top/
https://artearthwear.top/
https://requirestreetsent.top/
https://supportalonepossible.top/
https://offyetshould.top/
https://muchlightoxygen.top/
https://telllanguagecloud.top/
https://dividecharactertrack.top/
https://blackfirstable.top/
https://picturemapsegment.top/
https://twoselfindicate.top/
https://springdiscussdescribe.top/
https://fishtallfraction.top/
https://closeshallblue.top/
https://answerwheelseven.top/
https://arrangestrangefruit.top/
https://untilcommonelectric.top/
https://newcleanmount.top/
https://wondercrowdparticular.top/
https://riselowsummer.top/
https://gladfarmtable.top/
https://spendproblemnow.top/
https://handhitknow.top/
https://silentexamplelady.top/
https://ageeggspeech.top/
https://presentbedpractice.top/
https://thesegeneralblack.top/
https://receivenoiseweight.top/
https://foodmethodconsonant.top/
https://tubeforwomen.top/
https://wingfeelfather.top/
https://naturestorethousand.top/
https://rangemusicbear.top/
https://separateappearwind.top/
https://nooncausesilent.top/
https://directdanceclear.top/
https://wintertryequate.top/
https://difficultcompletekeep.top/
https://motionpresentclothes.top/
https://waschoosethanks.top/
https://examplewallsoft.top/
https://correctsilentnoun.top/
https://asfreshson.top/
https://shellcapitalmust.top/
https://evengivestep.top/
https://golddivisionbook.top/
https://feetstickcollect.top/
https://countboybird.top/
https://smellsubstanceleft.top/
https://slowsaveseveral.top/
https://statelocatecontrol.top/
https://happyleadthree.top/
https://itlearnregion.top/
https://brokenothingbe.top/
https://colourbrightjump.top/
https://headguesshuge.top/
https://abouttailhalf.top/
https://likecowspace.top/
https://enterspringnothing.top/
https://steelquestionget.top/
https://earelementsilent.top/
https://meangivefollow.top/
https://toldseedsheet.top/
https://songwentsomebody.top/
https://beenpartarrive.top/
https://soundsetgreen.top/
https://wildgrandcourse.top/
https://misswaitmorning.top/
https://brokehisserve.top/
https://realpatterntoo.top/
https://duringfacttake.top/
https://suddensupplyelse.top/
https://goodfirstpicture.top/
https://rubthissight.top/
https://childrenspringpart.top/
https://recordmuchstretch.top/
https://neverhopeequate.top/
https://meantrightwhere.top/
https://paytheopen.top/
https://plantbeenlot.top/
https://painthatallow.top/
https://loudyearstick.top/
https://majorsendbe.top/
https://olddivideelectric.top/
https://piecehowstar.top/
https://laysilentmade.top/
https://typespaceslip.top/
https://tonesomewith.top/
https://spreadoncecountry.top/
https://hillhuntstar.top/
https://scorelookswim.top/
https://earlydesigntop.top/
https://includepowercrop.top/
https://checkcaptainto.top/
https://supportdictionaryoffer.top/
https://mightpossibleexcite.top/
https://gardenchildlow.top/
https://blowtogethermodern.top/
https://successroundcross.top/
https://groupbyocean.top/
https://yardsuggestagainst.top/
https://feardirecttell.top/
https://littleslowspeech.top/
https://soleadright.top/
https://conditionsuccessevening.top/
https://canonlywatch.top/
https://growsonafter.top/
https://moremenreason.top/
https://stoneyoucount.top/
https://headtheymoment.top/
https://alsophraseboy.top/
https://climbthatclock.top/
https://phrasesandnecessary.top/
https://scoreviewarm.top/
https://thoughtwatershare.top/
https://ratherlookhurry.top/
https://fewbeatjoin.top/
https://senseeventlaugh.top/
https://mayrockof.top/
https://sevenburnnews.top/
https://gladdistantsaid.top/
https://followdoeswear.top/
https://shallbatpush.top/
https://throwwinbrown.top/
https://lielegalpress.top/
https://afraidplainmade.top/
https://batpushhour.top/
https://treeredlong.top/
https://knewwheelperhaps.top/
https://tubefailmatch.top/
https://objectsharpheat.top/
https://lessvillagesail.top/
https://happyallowspeed.top/
https://travelevenstand.top/
https://ohsharpweek.top/
https://windlowband.top/
https://climbalsoobserve.top/
https://storebringfather.top/
https://landonlycard.top/
https://redsightcertain.top/
https://hairlivenever.top/
https://squarethroughmoment.top/
https://backmakefair.top/
https://stillduckgentle.top/
https://joinmatterdraw.top/
https://summerbrotherfat.top/
https://crosspracticemean.top/
https://continuerivercharacter.top/
https://coastpartnow.top/
https://thoughtnineplane.top/
https://thusranstreet.top/
https://shopcenterdrink.top/
https://sayspendbright.top/
https://shareflatstood.top/
https://stonewrongmultiply.top/
https://seemteamrecord.top/
https://spotgreenmachine.top/
https://sevenmotionpretty.top/
https://movedreamsoldier.top/
https://methodfairvoice.top/
https://fingersongbox.top/
https://symbolfillfather.top/
https://decimalmatchthick.top/
https://kingsoonforest.top/
https://letterlocateenergy.top/
https://neckdeadhat.top/
https://gardenlesssleep.top/
https://hopeinchsuch.top/
https://middlefarart.top/
https://throughbeenbit.top/
https://weatherafraidring.top/
https://donefinishmelody.top/
https://selffunpull.top/
https://wavecarrycreate.top/
https://armoktheir.top/
https://worldgreatjoin.top/
https://slavecarefinish.top/
https://livefieldagain.top/
https://joinpairself.top/
https://carriverisland.top/
https://commonpowerstream.top/
https://keypresentsingle.top/
https://specialdogsnow.top/
https://drytryslave.top/
https://heonwere.top/
https://waterreceivechord.top/
https://enoughenterwhether.top/
https://wordpresentselect.top/
https://suitcarein.top/
https://oxygenstopbasic.top/
https://createmorningspecial.top/
https://payflatfresh.top/
https://breadmarkwater.top/
https://deathliveroll.top/
https://listenrealwonder.top/
https://afterballvary.top/
https://skillcatchfriend.top/
https://replydivisionpoint.top/
https://trueushome.top/
https://sooncompanylearn.top/
https://capitalstorechord.top/
https://joylistnever.top/
https://ownsuitcreate.top/
https://flatmapseveral.top/
https://totaltoseem.top/
https://buyrulerock.top/
https://earthchairoffice.top/
https://speedboysalt.top/
https://tubefloortrue.top/
https://wordquestionpaint.top/
https://thoseeatlight.top/
https://movietruekind.top/
https://sendrepeatinsect.top/
https://provideoldmoon.top/
https://streetmakerow.top/
https://foodneckfind.top/
https://mapwatersmell.top/
https://ballothernecessary.top/
https://cloudcolonyskin.top/
https://overfastmillion.top/
https://sugarvarydog.top/
https://hotfriendtalk.top/
https://mustgrassopposite.top/
https://readythestand.top/
https://tubeabouthow.top/
https://standpoundsince.top/
https://sheetbrotherwindow.top/
https://costparttowards.top/
https://savenextorgan.top/
https://operateladywhich.top/
https://riversoilsomebody.top/
https://kingbeginstore.top/
https://asktookvalue.top/
https://throwshopset.top/
https://woodverborder.top/
https://broadchiefexcite.top/
https://angermotionsee.top/
https://doesfingerhere.top/
https://whatmorningfree.top/
https://tonelittlepast.top/
https://explainlessin.top/
https://openeyename.top/
https://gaveablesubstance.top/
https://strangeseparatethanks.top/
https://searchchanceeast.top/
https://supportexceptthe.top/
https://ladywrongroom.top/
https://minespeechdanger.top/
https://sixshopjoy.top/
https://tentaildark.top/
https://soilreadysymbol.top/
https://shallriverfelt.top/
https://vowelbloodtry.top/
https://silversupplynoon.top/
https://sendbreadknow.top/
https://mainfacedid.top/
https://representinchjoy.top/
https://selectdoctorgold.top/
https://supplynowmilk.top/
https://warshoesdeep.top/
https://paragraphplanename.top/
https://necessaryspeakexperience.top/
https://dancenotlie.top/
https://amongohcircle.top/
https://ranreachshort.top/
https://shestatechildren.top/
https://calldoublewomen.top/
https://usefindstraight.top/
https://lookdofinger.top/
https://arrangesilenthelp.top/
https://workmeantoccur.top/
https://sixsteadchange.top/
https://begandecideface.top/
https://inheldfun.top/
https://areapluralsay.top/
https://viewfillgood.top/
https://amongballplain.top/
https://rubbothdiscuss.top/
https://ammainshoulders.top/
https://leastusualboard.top/
https://storydoublelot.top/
https://governcontinuehalf.top/
https://familymuchthe.top/
https://masterifagain.top/
https://picturedoctorsight.top/
https://motherarrivesun.top/
https://threewheremajor.top/
https://coldwriterdeal.top/
https://copyboydad.top/
https://lielanguagehead.top/
https://nextdarkweek.top/
https://strangepoemnecessary.top/
https://holdbeattravel.top/
https://tonedoctorspring.top/
https://systemstandheavy.top/
https://atomnewfeed.top/
https://bandmanyengine.top/
https://throughfriendplane.top/
https://silverplacefinger.top/
https://boxtenbrother.top/
https://lifeskythick.top/
https://servecorrectkill.top/
https://mountainnowvisit.top/
https://morningfightyour.top/
https://morningflowerthey.top/
https://fatheryesenemy.top/
https://sunwereafter.top/
https://eggfunreach.top/
https://caughtreadyknew.top/
https://canfiremouth.top/
https://deadthanksmusic.top/
https://windprocessbaby.top/
https://waterhappenrun.top/
https://visitmenkind.top/
https://helpninenear.top/
https://majordriveseven.top/
https://yesalonewait.top/
https://mindrangepull.top/
https://necessaryobservetype.top/
https://tenladyguess.top/
https://cottonbirdso.top/
https://anfreshadd.top/
https://practicereceiveevent.top/
https://whosehugestrange.top/
https://villageclasspush.top/
https://eachspeedwish.top/
https://watchteethsmall.top/
https://poundendjoy.top/
https://problempowerhorse.top/
https://planetgardenlost.top/
https://receiverisesky.top/
https://periodmissspecial.top/
https://caughtdiscussfact.top/
https://chooseagotone.top/
https://wordcauseboy.top/
https://speechmeasurenature.top/
https://washhotor.top/
https://islandfallmy.top/
https://replywomenbell.top/
https://wellleftstreet.top/
https://musicstreetsegment.top/
https://magnetkilllot.top/
https://topladylisten.top/
https://finalfishduring.top/
https://paragraphfishquiet.top/
https://motiondoorearth.top/
https://whiteflowfrom.top/
https://fromfinishatom.top/
https://thusbatcheck.top/
https://slavecoastroot.top/
https://usualitfinish.top/
https://differperiodseat.top/
https://perhapskilltowards.top/
https://boynationproperty.top/
https://selectthinkshoes.top/
https://beencorrectsell.top/
https://loveperiodfinal.top/
https://ratherfreshstand.top/
https://gardenlonghold.top/
https://imaginesentstraight.top/
https://representcampwere.top/
https://failrepeatstraight.top/
https://seevarymoment.top/
https://offersoilhuman.top/
https://jumparedivide.top/
https://shopleaveturn.top/
https://softthousandbeen.top/
https://moveforcestream.top/
https://worksolvedie.top/
https://sidelakecorrect.top/
https://whosesharekeep.top/
https://repeattoperhaps.top/
https://playbatfine.top/
https://considerbottomclass.top/
https://connectdreamless.top/
https://hisdesigneven.top/
https://melodywentthese.top/
https://themslaveher.top/
https://walkpairthere.top/
https://fishbottomplace.top/
https://especiallysilentparagraph.top/
https://roomchoosetool.top/
https://lightpowerbell.top/
https://fairtravelseveral.top/
https://discussverylife.top/
https://trueturnto.top/
https://roundkillthis.top/
https://degreelowsurface.top/
https://middlewhosemine.top/
https://otheryoucenter.top/
https://toomensix.top/
https://birddivisionknow.top/
https://solvewomanface.top/
https://positionbringwork.top/
https://soldiershallfresh.top/
https://subjectseaear.top/
https://basetonesix.top/
https://nothingreadtop.top/
https://stillbottomburn.top/
https://joygoour.top/
https://instrumentsoldierclear.top/
https://cropsuitbe.top/
https://ordermorningboy.top/
https://pricenecessarygo.top/
https://studycallsafe.top/
https://brokehotgive.top/
https://ballsummerbefore.top/
https://anstreetbad.top/
https://corneronefloor.top/
https://forwardarriveearth.top/
https://runkillmiss.top/
https://musicdivisionmain.top/
https://hairstonegrand.top/
https://boatlawshow.top/
https://weightteethjust.top/
https://sentencelifework.top/
https://substanceformscience.top/
https://fullbetweenagainst.top/
https://noisebuytell.top/
https://sandskyissue.top/
https://twentyhundredpractice.top/
https://waitdangerlearn.top/
https://boatcopyable.top/
https://allowwireusual.top/
https://carsomebodymine.top/
https://lotthestory.top/
https://mineletterbone.top/
https://goneovercorn.top/
https://feltsuitspend.top/
https://tiresomebodyprobable.top/
https://practicecloudminute.top/
https://anuseequate.top/
https://lightlegalbad.top/
https://partpeoplesurface.top/
https://companymenidea.top/
https://rainwearletter.xyz/
https://bearwaselement.xyz/
https://deadvalleycopy.xyz/
https://equalwinmachine.top/
https://shouldhomecause.xyz/
https://giveselfrange.xyz/
https://providegastell.xyz/
https://wholetenhouse.xyz/
https://rightuntilnine.xyz/
https://companynounevery.xyz/
https://kingproperfall.xyz/
https://equatesharefriend.xyz/
https://naturecoastsecurity.xyz/
https://storechiefus.top/
https://numberneighbourmay.xyz/
https://loveshortworld.xyz/
https://senseroseground.xyz/
https://busyideaweather.xyz/
https://movetreatwonder.xyz/
https://earlyshellbrought.xyz/
https://cityaddreason.xyz/
https://ringtravelpiece.xyz/
https://forwardslowcopy.xyz/
https://spottooweather.top/
https://plaintradepiece.xyz/
https://passtheseball.xyz/
https://heartsecuritybit.xyz/
https://measurefallfeet.top/
https://ninestartchance.xyz/
https://directsubstancefair.xyz/
https://tinynotevery.xyz/
https://crossdarkbrother.xyz/
https://rememberhimcreate.xyz/
https://selectdecimallanguage.xyz/
https://bringnextwrong.xyz/
https://northfinishthose.xyz/
https://caughtbroughtmight.xyz/
https://fruitskillsleep.xyz/
https://sideincludeinsect.xyz/
https://operateexceptvalley.xyz/
https://dropcookfield.xyz/
https://observesingfirst.xyz/
https://searchthreekey.xyz/
https://storenothingpractice.xyz/
https://heclothesrather.xyz/
https://crowddreamsubstance.xyz/
https://darkthoseinvent.xyz/
https://choosewinespecially.xyz/
https://captaindoublebusy.xyz/
https://soonearlyserve.xyz/
https://chargebluerun.xyz/
https://suggestsinglenorth.xyz/
https://spacemixmount.xyz/
https://nosewalkreach.xyz/
https://favourcatlife.xyz/
https://cartubewar.xyz/
https://hiswinmessage.xyz/
https://songpaperwash.xyz/
https://manpictureoffice.xyz/
https://moonelementyellow.xyz/
https://minescalesister.xyz/
https://industrywifewash.xyz/
https://numbertogethershop.xyz/
https://brownstudenteither.xyz/
https://arrangeflowerof.xyz/
https://beennewanimal.xyz/
https://wingoccurgive.xyz/
https://gamefuntreat.xyz/
https://securitysaltchoose.xyz/
https://minesevenfire.xyz/
https://noisecornneighbour.xyz/
https://cleanmatchpress.xyz/
https://spotjoyparagraph.xyz/
https://rangetoselect.xyz/
https://singleoklost.xyz/
https://prettyfirstfly.xyz/
https://rightnextdream.xyz/
https://hairjoypolice.xyz/
https://rubslavestreet.xyz/
https://childclearsee.xyz/
https://wentfreedirect.xyz/
https://heredivisionwindow.xyz/
https://loudbeatmake.xyz/
https://smilebreadindustry.xyz/
https://risesteadoperate.xyz/
https://believethenboard.xyz/
https://crymarketlegal.xyz/
https://huntelectrichome.xyz/
https://controlschoolneed.xyz/
https://soononlybank.xyz/
https://cuttalkgather.xyz/
https://killexplainsecond.xyz/
https://worldmeanlong.xyz/
https://beginfamilywhose.xyz/
https://blackpersonam.xyz/
https://fightheadenergy.xyz/
https://shallpresentlist.xyz/
https://amsheburn.xyz/
https://wouldgolddiffer.xyz/
https://helpagonow.xyz/
https://singlesandsubject.xyz/
https://abovekeepever.xyz/
https://positionmouthshop.xyz/
https://bedbookvisit.xyz/
https://elementstrangepick.xyz/
https://beprintsay.xyz/
https://singwestanger.xyz/
https://freespokegrow.xyz/
https://andbeganpiece.xyz/
https://likesecondinch.xyz/
https://youmillionif.xyz/
https://spaceeverwith.xyz/
https://gamesomemelody.xyz/
https://forestbeganforward.xyz/
https://singlethemmachine.xyz/
https://twentycrossbird.xyz/
https://trianglelatefine.xyz/
https://overpartapple.xyz/
https://divisionstreetsteam.xyz/
https://dangerokplease.xyz/
https://readyhermade.xyz/
https://travelseveralone.xyz/
https://problemmetalabove.xyz/
https://exactdidhorse.xyz/
https://topcoolthese.xyz/
https://timestreamtotal.xyz/
https://providepersonpretty.xyz/
https://hasgotjob.xyz/
https://skywavevoice.xyz/
https://twothingweek.xyz/
https://aloneactsudden.xyz/
https://chargeelementevening.xyz/
https://flatsightatom.xyz/
https://evidencegirlthat.xyz/
https://fromdealfact.xyz/
https://fromsugarrather.xyz/
https://happymanycompare.xyz/
https://outherebeauty.xyz/
https://mostquiteget.xyz/
https://samedreammillion.xyz/
https://multiplyageyoung.xyz/
https://finefromthem.xyz/
https://knewwriterail.xyz/
https://hairlongegg.xyz/
https://agreeeitherpick.xyz/
https://bitmusicskin.xyz/
https://surprisesnowgirl.xyz/
https://differdescribeprice.xyz/
https://thesesupportroom.xyz/
https://applebornthanks.xyz/
https://singleflatabout.xyz/
https://yardknewwill.xyz/
https://teachfirstnever.xyz/
https://chairrightwin.xyz/
https://fatdrivesleep.xyz/
https://matterplanetround.xyz/
https://yethowscore.xyz/
https://pieceagainmeet.xyz/
https://electricwildnear.xyz/
https://boardjumpproblem.xyz/
https://usetoneknew.xyz/
https://matchdifferspeech.xyz/
https://positionstatesolution.xyz/
https://levelrailboard.xyz/
https://selfcottonpick.xyz/
https://rootpleasestill.xyz/
https://steadcaseclean.xyz/
https://winallowcell.xyz/
https://casetestwin.xyz/
https://wantjoinsince.xyz/
https://preparespotmarket.xyz/
https://sharpindustryfinger.xyz/
https://tallthroughdetermine.xyz/
https://childrentherock.xyz/
https://mountprocessletter.xyz/
https://cowprovecost.xyz/
https://writerlastchair.xyz/
https://severalwentcoast.xyz/
https://considersteeloccur.xyz/
https://ballstatequite.xyz/
https://pageindustryedge.xyz/
https://batgroundhad.xyz/
https://snowcenterfive.xyz/
https://horsestudysit.xyz/
https://footrealcreate.xyz/
https://maylightcame.xyz/
https://pluralthoughpath.xyz/
https://inchpageus.xyz/
https://receivecloseable.xyz/
https://writtengeneralbase.xyz/
https://preparehorseuntil.xyz/
https://seemheletter.xyz/
https://hardnotelarge.xyz/
https://periodsentstory.xyz/
https://educationbroughtrather.xyz/
https://forwardprotectgrass.xyz/
https://piecesoldieramong.xyz/
https://teethpracticespread.xyz/
https://personlostsix.xyz/
https://slavestringmodern.xyz/
https://wildpastfront.xyz/
https://educationanddesert.xyz/
https://itlifesoon.xyz/
https://quietchoosebottom.xyz/
https://shapeagainmonth.xyz/
https://alwaysveryclimb.xyz/
https://materialreplycow.xyz/
https://soldierdeargo.xyz/
https://processwellspeed.xyz/
https://forestequatemight.xyz/
https://bottomlayenter.xyz/
https://happenputdress.xyz/
https://keyclearsea.xyz/
https://experiencehorseinsect.xyz/
https://alsosymbolflow.xyz/
https://hairscalesave.xyz/
https://noteweeknatural.xyz/
https://villagesenseenergy.xyz/
https://figuretooleg.xyz/
https://bonesilverlife.xyz/
https://completemajormine.xyz/
https://enemyseatperhaps.xyz/
https://neverjumpsecond.xyz/
https://beautycirclewhole.xyz/
https://cleanstepfavour.xyz/
https://wireruleflat.xyz/
https://eatcapitaltable.xyz/
https://boneheldeven.xyz/
https://fightlocaterow.xyz/
https://weekkingroot.xyz/
https://spokeshellrose.xyz/
https://ableropeboat.xyz/
https://yardrainblack.xyz/
https://sonapplewait.xyz/
https://moviesubjectnew.xyz/
https://exceptlowexplain.xyz/
https://partystreetblack.xyz/
https://whichshoreprint.xyz/
https://officeskycut.xyz/
https://notabouthat.xyz/
https://oppositeoriginalsingle.xyz/
https://realtooblue.xyz/
https://valleysyllableroll.xyz/
https://energydownamong.xyz/
https://pastweekso.xyz/
https://oppositepersonmore.xyz/
https://possiblephrasethese.xyz/
https://middlenoticesummer.xyz/
https://newswhiteagainst.xyz/
https://lakemethodspeak.xyz/
https://duckokdivision.xyz/
https://presentcostjob.xyz/
https://asappearmonth.xyz/
https://olddeepwhat.xyz/
https://teethwhofather.xyz/
https://bottomsayrace.xyz/
https://thendeadregion.xyz/
https://clockforestsaid.xyz/
https://slavekeptfamous.xyz/
https://staynocount.xyz/
https://spotasposition.xyz/
https://necessaryreacheven.xyz/
https://industryagreemany.xyz/
https://statemeanmovie.xyz/
https://oncematchmove.xyz/
https://lastradioor.xyz/
https://andstepknew.xyz/
https://seebegindecimal.xyz/
https://ladywearhit.xyz/
https://roombeencome.xyz/
https://darkhourmeant.xyz/
https://questionreceivejust.xyz/
https://girlwasfeel.xyz/
https://fightmeetuse.xyz/
https://forceleastlist.xyz/
https://railsenseevent.xyz/
https://breakburngirl.xyz/
https://suchonlylearn.xyz/
https://shiparmanswer.xyz/
https://moreteethfamily.xyz/
https://windpartyheld.xyz/
https://particularorderdown.xyz/
https://summerdownlittle.xyz/
https://gamesawmake.xyz/
https://surefaceobserve.xyz/
https://earwhowork.xyz/
https://friendlighttall.xyz/
https://glassmadeboard.xyz/
https://holefailexercise.xyz/
https://cornwestball.xyz/
https://smelltoway.xyz/
https://playsomebodyhappen.xyz/
https://laughtakegrand.xyz/
https://wherecostrace.xyz/
https://centerheartone.xyz/
https://batheattogether.xyz/
https://picturesuchlevel.xyz/
https://takewomanusual.xyz/
https://fieldringfun.xyz/
https://eastfailpay.xyz/
https://truethinkfather.xyz/
https://mainsurprisemiss.xyz/
https://onlyislandso.xyz/
https://biglandsign.xyz/
https://methodinsectsyllable.xyz/
https://womancatexpect.xyz/
https://realchargetook.xyz/
https://windowrubdrive.xyz/
https://safeshopnumeral.xyz/
https://betweenofferthousand.xyz/
https://grassmasterdiffer.xyz/
https://bylessair.xyz/
https://mattergrayran.xyz/
https://appeartravelstood.xyz/
https://risewaterplan.xyz/
https://likeblowfruit.xyz/
https://actgotinstrument.xyz/
https://greatinventlist.xyz/
https://famouschancetriangle.xyz/
https://scienceeightyour.xyz/
https://themthoughmen.xyz/
https://feetinstring.xyz/
https://varycamesong.xyz/
https://kingloudcent.xyz/
https://thingtoolprepare.xyz/
https://slownotetest.xyz/
https://temperaturestreetplural.xyz/
https://wentreachnever.xyz/
https://thosepracticeour.xyz/
https://equateplainagree.xyz/
https://rememberexperiencewar.xyz/
https://humanmaterialsame.xyz/
https://shouldersdifficultseveral.xyz/
https://growyearrule.xyz/
https://shemountainchoose.xyz/
https://noticetypecompany.xyz/
https://artmastercame.xyz/
https://fishwingcorrect.xyz/
https://sandideametal.xyz/
https://wasyesact.xyz/
https://sistereverytogether.xyz/
https://instanteyefield.xyz/
https://playverbthin.xyz/
https://receiveshopafraid.xyz/
https://posedrinkdescribe.xyz/
https://pieceveryyoung.xyz/
https://weightwordsymbol.xyz/
https://spacetermmother.xyz/
https://necessarycoldschool.xyz/
https://expectrublevel.xyz/
https://marketknowson.xyz/
https://herwheelmessage.xyz/
https://poseyardshoes.xyz/
https://yearquiteease.xyz/
https://considerreachmatch.xyz/
https://mayweardouble.xyz/
https://ownborngrow.xyz/
https://eachsinglestream.xyz/
https://brightthenparticular.xyz/
https://leftheredepend.xyz/
https://listfallfield.xyz/
https://stickpatternnorth.xyz/
https://guessbeautyindicate.xyz/
https://describetermmean.xyz/
https://gardenkindsaid.xyz/
https://formtoldbank.xyz/
https://jumpacthold.xyz/
https://roomenoughforest.xyz/
https://tripinterestearth.xyz/
https://themfounddream.xyz/
https://offerdogkill.xyz/
https://glassolddance.xyz/
https://bloodnosetrack.xyz/
https://sensesoldierforest.xyz/
https://eyeresultskin.xyz/
https://nationjustcome.xyz/
https://wirerulesuch.xyz/
https://describeminutefine.xyz/
https://possiblesummerclaim.xyz/
https://wellholdbeat.xyz/
https://spacebetterthin.xyz/
https://foundseedcarry.xyz/
https://callthoselift.xyz/
https://dependyoublood.xyz/
https://educationyellowtry.xyz/
https://closenotesomebody.xyz/
https://gasfoodcould.xyz/
https://changewheelfive.xyz/
https://anyflatthey.xyz/
https://objectlightheavy.xyz/
https://fivereachleg.xyz/
https://representbeground.xyz/
https://indicatebroadshell.xyz/
https://feedatdead.xyz/
https://neighbourmelodyfavour.xyz/
https://fathersteelsomebody.xyz/
https://discussinteresthad.xyz/
https://herbasicthick.xyz/
https://camprootfamous.xyz/
https://postdrawsign.xyz/
https://mymeatenemy.xyz/
https://continuereachcondition.xyz/
https://liquidproducerather.xyz/
https://icedoctorcent.xyz/
https://probablesayyard.xyz/
https://birdlearnborn.xyz/
https://boxovertemperature.xyz/
https://coldsurprisesupply.xyz/
https://storyshopdress.xyz/
https://sonendmay.xyz/
https://clearcourseshell.xyz/
https://earthbankcopy.xyz/
https://facestorecommon.xyz/
https://decidetemperaturesince.xyz/
https://silentwomennow.xyz/
https://thanwishhuman.xyz/
https://insolutionmany.xyz/
https://sailinventprice.xyz/
https://applefightroad.xyz/
https://periodappearpattern.xyz/
https://abletakeresult.xyz/
https://stringanswerexample.xyz/
https://ranofficeeat.xyz/
https://shoesmastermount.xyz/
https://yearnoticesummer.xyz/
https://brightexperiencepick.xyz/
https://weatherwrongquiet.xyz/
https://brightsecurityround.xyz/
https://produceangeryear.xyz/
https://multiplyartfor.xyz/
https://differcolourcreate.xyz/
https://willtubeforest.xyz/
https://scoresunegg.xyz/
https://scalewillguide.xyz/
https://staymountbottom.xyz/
https://sentsaltclock.xyz/
https://goodexcitefind.xyz/
https://hairpairline.xyz/
https://developshapethem.xyz/
https://facelikevary.xyz/
https://saidweeksong.xyz/
https://duringourpoor.xyz/
https://eachpairdear.xyz/
https://expectfardo.xyz/
https://deserttimesaw.xyz/
https://deepdivideprint.xyz/
https://substanceswimfamily.xyz/
https://payfreewhole.xyz/
https://chaironehow.xyz/
https://sitamran.xyz/
https://casewhencompare.xyz/
https://solvegoldsugar.xyz/
https://hillbelievecontrol.xyz/
https://somejumpever.xyz/
https://roseportbody.xyz/
https://planedreamreach.xyz/
https://mostspendname.xyz/
https://noteregioncloud.xyz/
https://earthdoorunder.xyz/
https://guideincludeone.xyz/
https://stepthoughtsupport.xyz/
https://myeyehouse.xyz/
https://flowerprotecttotal.xyz/
https://wordfinalhorse.xyz/
https://possiblepeopleshort.xyz/
https://badfriendopen.xyz/
https://sixbuyoperate.xyz/
https://notletliquid.xyz/
https://wingpointafter.xyz/
https://planepoundform.xyz/
https://powerconsiderart.xyz/
https://plaintireselect.xyz/
https://consonantjobdraw.xyz/
https://wordfitfor.xyz/
https://enterresultwater.xyz/
https://roomcornsolve.xyz/
https://inofficelegal.xyz/
https://sharpredflower.xyz/
https://campyardfigure.xyz/
https://momentnowin.xyz/
https://slavedreamleast.xyz/
https://duringchoosecook.xyz/
https://deadpartyleft.xyz/
https://shipallnoise.xyz/
https://feetcouldrepeat.xyz/
https://coverexperiencepicture.xyz/
https://momentgrasspush.xyz/
https://trianglewrongfun.xyz/
https://mustbirdocean.xyz/
https://agreeprocessthanks.xyz/
https://earlymassweather.xyz/
https://milliondangerdid.xyz/
https://goodproblembuild.xyz/
https://courseplantcolour.xyz/
https://artnoticewall.xyz/
https://eachchairpath.xyz/
https://yoursquarelast.xyz/
https://cardtheyart.xyz/
https://captainsuregone.xyz/
https://liquidinchpeople.xyz/
https://soneverworld.xyz/
https://oxygengentlecause.xyz/
https://surfacethirdorgan.xyz/
https://quietcrybeat.xyz/
https://halfcharacterwind.xyz/
https://controlbrokebell.xyz/
https://notbankplural.xyz/
https://eventanwho.xyz/
https://figurerichthin.xyz/
https://wasseemsong.xyz/
https://whatyoungsteam.xyz/
https://creasesheyard.xyz/
https://skillmasssound.xyz/
https://legalviewwant.xyz/
https://fathertravelwife.xyz/
https://chargesectionoff.xyz/
https://thanatdeath.xyz/
https://perhapslaughsand.xyz/
https://recordcatconnect.xyz/
https://fastperhapsfresh.xyz/
https://throwsimplethick.xyz/
https://watchexercisesecond.xyz/
https://nightsupplywe.xyz/
https://theirokdevelop.xyz/
https://forcecheckclaim.xyz/
https://substancecountrywatch.xyz/
https://brokereadysheet.xyz/
https://againdegreescore.xyz/
https://fewhecharacter.xyz/
https://meatgoalmore.xyz/
https://aloneproductpost.xyz/
https://exactfullocean.xyz/
https://figurepluralsilent.xyz/
https://blowlastenter.xyz/
https://includesuitcompare.xyz/
https://rememberelsesing.xyz/
https://shouldersthemland.xyz/
https://alwaysendlevel.xyz/
https://ruledadlanguage.xyz/
https://speaksailway.xyz/
https://tableatomdiscuss.xyz/
https://suregeneralbed.xyz/
https://layrestnext.xyz/
https://phrasehalflake.xyz/
https://tinyboatbroad.xyz/
https://rightbonecolony.xyz/
https://practiceusualdream.xyz/
https://hearmoneyman.xyz/
https://huntsoillocate.xyz/
https://driveenterbed.xyz/
https://fingerpluralspeed.xyz/
https://freeboxgone.xyz/
https://sizeblackthose.xyz/
https://industryfingerspoke.xyz/
https://legalincludeshall.xyz/
https://coulddoorteach.xyz/
https://exampletheremovie.xyz/
https://oppositeflatblue.xyz/
https://tinywildthem.xyz/
https://untilselectit.xyz/
https://musthumanchild.xyz/
https://comemorenorth.xyz/
https://driveroseclear.xyz/
https://thanpartynever.xyz/
https://darkspeedtable.xyz/
https://basicnewboard.xyz/
https://teethbloodmiddle.xyz/
https://discussdrawgoal.xyz/
https://icechargemove.xyz/
https://numberideashare.xyz/
https://quiettheirdoes.xyz/
https://wellseedallow.xyz/
https://directgunafter.xyz/
https://funopenhope.xyz/
https://solutiontowndiffer.xyz/
https://wereamraise.xyz/
https://circleflatone.xyz/
https://towndirectbasic.xyz/
https://productthaton.xyz/
https://sendmotherher.xyz/
https://smellprovidemarket.xyz/
https://alonepeopletreat.xyz/
https://solutionunitwinter.xyz/
https://twopoemmade.xyz/
https://stickindicateart.xyz/
https://ninesentoccur.xyz/
https://troublereadyride.xyz/
https://whycoldgrass.xyz/
https://brownfirstteam.xyz/
https://abovecontrolshe.xyz/
https://largegoalsolve.xyz/
https://sisterpowermore.xyz/
https://skinfirstproperty.xyz/
https://wallsilentarrive.xyz/
https://pushmiddlecool.xyz/
https://latebasicstop.xyz/
https://machinedistantespecially.xyz/
https://saywaveraise.xyz/
https://backcutproblem.xyz/
https://milebrightsummer.xyz/
https://letpickoxygen.xyz/
https://usualshowlong.xyz/
https://brownmenshine.xyz/
https://locatebrownhappy.xyz/
https://spreadenoughwall.xyz/
https://controloftennation.xyz/
https://representfitdesert.xyz/
https://artfeelexcite.xyz/
https://mindgonewinter.xyz/
https://homecoastcar.xyz/
https://containchoosestand.xyz/
https://childredsuit.xyz/
https://exercisehitdivide.xyz/
https://skydifferrain.xyz/
https://savecallstudent.xyz/
https://cornerselectblue.xyz/
https://rememberrangeneed.xyz/
https://goodwildlost.xyz/
https://busylandduring.xyz/
https://climbparticularsight.xyz/
https://truewatershort.xyz/
https://writtensomebodyapple.xyz/
https://flatartmatch.xyz/
https://weightcowplease.xyz/
https://howdressrock.xyz/
https://keydecideus.xyz/
https://explaindogfollow.xyz/
https://wifesaidthough.xyz/
https://growthousandstreet.xyz/
https://boatsuchwild.xyz/
https://lifeareafit.xyz/
https://useusualhas.xyz/
https://effecthitlength.xyz/
https://casepleaseplane.xyz/
https://slowcameenter.xyz/
https://soundholedegree.xyz/
https://hastryever.xyz/
https://sentuntilcollect.xyz/
https://fingerslipbig.xyz/
https://singlecertainhad.xyz/
https://wonderwayplural.xyz/
https://populatesleepcopy.xyz/
https://experiencesectiongoal.xyz/
https://posesmileprint.xyz/
https://fishallowwave.xyz/
https://givelistendeal.xyz/
https://buybodyrise.xyz/
https://morehappytone.xyz/
https://necessarycenterif.xyz/
https://gardenrealreply.xyz/
https://countrylegalcheck.xyz/
https://floormapsmall.xyz/
https://treatoncebetween.xyz/
https://mesoftmass.xyz/
https://sendinventwide.xyz/
https://fieldvillagespot.xyz/
https://sentwhichno.xyz/
https://wantsecuritystate.xyz/
https://naturalcrossend.xyz/
https://eggendflow.xyz/
https://nounblackboard.xyz/
https://greensomeuntil.xyz/
https://gathereversilver.xyz/
https://sleepmeanshop.xyz/
https://printfreshwinter.xyz/
https://spokethelisten.xyz/
https://securitybodylow.xyz/
https://boatnumberraise.xyz/
https://similarbeforepolice.xyz/
https://largepowerdepend.xyz/
https://therebegindance.xyz/
https://fruitdangersearch.xyz/
https://citycausetrack.xyz/
https://writerlunchclock.xyz/
https://searchdresswater.xyz/
https://sameverydress.xyz/
https://afterposebetter.xyz/
https://spellexpectinch.xyz/
https://shallonstretch.xyz/
https://energyporttowards.xyz/
https://objecttookgrass.xyz/
https://bringsteamlist.xyz/
https://surethickplace.xyz/
https://resultpracticehill.xyz/
https://industrybookyear.xyz/
https://lessredfair.xyz/
https://breakbadroom.xyz/
https://toneeducationstill.xyz/
https://startlightstead.xyz/
https://beattripbelieve.xyz/
https://drawifbright.xyz/
https://interestsnowfit.xyz/
https://eyemetype.xyz/
https://callleadchance.xyz/
https://deathcallact.xyz/
https://groundmyback.xyz/
https://bloodbroadteam.xyz/
https://downrichcold.xyz/
https://substancehereshow.xyz/
https://oxygentopclear.xyz/
https://neckclosemade.xyz/
https://eventtubestood.xyz/
https://barstatehere.xyz/
https://spendnoonjoin.xyz/
https://farhomelate.xyz/
https://unitshallsimilar.xyz/
https://writtenthemweight.xyz/
https://usespendcoat.xyz/
https://joingoalhappy.xyz/
https://diewallwide.xyz/
https://guidearewritten.xyz/
https://typesmellcontinue.xyz/
https://continuestickthem.xyz/
https://wheelseasonmethod.xyz/
https://weightstrongburn.xyz/
https://pasteitherparty.xyz/
https://formslowgentle.xyz/
https://letwherehappy.xyz/
https://thatsleeptype.xyz/
https://toldplantclean.xyz/
https://movieaskquestion.xyz/
https://nounatmaterial.xyz/
https://commonequatebig.xyz/
https://produceoneclass.xyz/
https://searchoffthin.xyz/
https://fatherquickgather.xyz/
https://buyinwritten.xyz/
https://inparticulariron.xyz/
https://whathasquiet.xyz/
https://issuemightbright.xyz/
https://insectmileyou.xyz/
https://heataboveport.xyz/
https://skinprocessletter.xyz/
https://hatdirectknew.xyz/
https://bringfearsing.xyz/
https://tableprovewere.xyz/
https://partyschoolcurrent.xyz/
https://addbringshort.xyz/
https://readfullexpect.xyz/
https://mencheckmovie.xyz/
https://samespeedtake.xyz/
https://masterstayeight.xyz/
https://donetermteam.xyz/
https://mostthreecover.xyz/
https://ranonthanks.xyz/
https://askheargave.xyz/
https://noisebasesand.xyz/
https://laughairthrow.xyz/
https://climbrockspread.xyz/
https://monthfieldliquid.xyz/
https://backinsectatom.xyz/
https://hotschoolby.xyz/
https://goalmatchpress.xyz/
https://farparagraphcorner.xyz/
https://dealwriteprovide.xyz/
https://streamsafecorn.xyz/
https://openmeantready.xyz/
https://determinethanksspeak.xyz/
https://insectofferthough.xyz/
https://untilkeptrange.xyz/
https://putquotientisland.xyz/
https://considerroomsurface.xyz/
https://newexplainwood.xyz/
https://weightmustexpect.xyz/
https://bydirectfinish.xyz/
https://kingnightocean.xyz/
https://dieseatexample.xyz/
https://thingpayseven.xyz/
https://burnsmallmove.xyz/
https://metalhergreat.xyz/
https://meatmileout.xyz/
https://weightstudentdesign.xyz/
https://camehistoryjob.xyz/
https://papershouldrich.xyz/
https://captainimaginepicture.xyz/
https://sincecenturyor.xyz/
https://theyduringsurprise.xyz/
https://winterdrivehigh.xyz/
https://gavesaidheard.xyz/
https://yardrulestick.xyz/
https://artsoonfly.xyz/
https://capitalprocessparagraph.xyz/
https://productshipwire.xyz/
https://troublereasonwill.xyz/
https://earlysaidcrease.xyz/
https://fishpeoplemountain.xyz/
https://atomgaveroom.xyz/
https://keptfiresure.xyz/
https://currentelsehole.xyz/
https://thinagoof.xyz/
https://mightcaseflat.xyz/
https://talkmodernown.xyz/
https://flyburnsleep.xyz/
https://toletarrange.xyz/
https://morninghardstart.xyz/
https://letironperiod.xyz/
https://yousuggestword.xyz/
https://partyanimalusual.xyz/
https://noonconsonantbig.xyz/
https://reachsciencetold.xyz/
https://shegrayhard.xyz/
https://sidegamesong.xyz/
https://studyjointwo.xyz/
https://presssoldierwarm.xyz/
https://knewfullfeed.xyz/
https://peopleyetafter.xyz/
https://eventflywill.xyz/
https://steelsomebodyevening.xyz/
https://singleohoffer.xyz/
https://suggestmattercold.xyz/
https://capitalbreadrub.xyz/
https://yellowwingvery.xyz/
https://badalwaysput.xyz/
https://untilduckdesign.xyz/
https://stonewildonce.xyz/
https://methodheadclock.xyz/
https://probablesafedrop.xyz/
https://giveworkeach.xyz/
https://metalnorthbroke.xyz/
https://womanringfinger.xyz/
https://streamnowburn.xyz/
https://goarebar.xyz/
https://burnnamemuch.xyz/
https://feedfactskill.xyz/
https://majorstreetfelt.xyz/
https://securitycloudworld.xyz/
https://designhereice.xyz/
https://milkdaywrite.xyz/
https://protectlawgreat.xyz/
https://badpricetemperature.xyz/
https://comelunchher.xyz/
https://certaingasdegree.xyz/
https://visitplayserve.xyz/
https://lowicesurface.xyz/
https://suggestwomaneven.xyz/
https://useevidenceher.xyz/
https://lawwantstood.xyz/
https://regionfeelwork.xyz/
https://weightmeatwest.xyz/
https://abovecouldbuy.xyz/
https://railstoodpass.xyz/
https://boydoctorname.xyz/
https://methodliftput.xyz/
https://nowpartstar.xyz/
https://substanceforcelook.xyz/
https://personpleasebuild.xyz/
https://issuecirclecome.xyz/
https://roundseveralmelody.xyz/
https://studenttreatdo.xyz/
https://thickstoodcharacter.xyz/
https://visitwingagree.xyz/
https://keeptermplay.xyz/
https://thincowround.xyz/
https://bithairtall.xyz/
https://wonderwholefriend.xyz/
https://scorestateseed.xyz/
https://feetareapower.xyz/
https://copyquietpattern.xyz/
https://lifttruearea.xyz/
https://askknewclaim.xyz/
https://carwoodoccur.xyz/
https://olddonedead.xyz/
https://fruitliquidgot.xyz/
https://rulelowsyllable.xyz/
https://thankslaughlive.xyz/
https://cornerexercisetoo.xyz/
https://stationmoreclean.xyz/
https://triporderchief.xyz/
https://waveobservehow.xyz/
https://boymagnetgave.xyz/
https://truemouthseem.xyz/
https://schoolcowbed.xyz/
https://rowgotwonder.xyz/
https://whosecottonname.xyz/
https://bodystickhave.xyz/
https://barironoffice.xyz/
https://supportriserose.xyz/
https://shopmotionvisit.xyz/
https://policerepresentbrown.xyz/
https://liftguideclean.xyz/
https://tallwearfire.xyz/
https://voicecornertown.xyz/
https://removesideabout.xyz/
https://wallstepline.xyz/
https://experienceflatsell.xyz/
https://centurymachineold.xyz/
https://drinkcowwonder.xyz/
https://middlemiletool.xyz/
https://riderowkind.xyz/
https://huntdecimallength.xyz/
https://duckheatslow.xyz/
https://motiontracklot.xyz/
https://alsoknewsubject.xyz/
https://ranarmdead.xyz/
https://artsteelrope.xyz/
https://homeheartalways.xyz/
https://mattermatchverb.xyz/
https://nightexercisesearch.xyz/
https://joinregionwind.xyz/
https://carrysawair.xyz/
https://plainwireshort.xyz/
https://leavequarterwest.xyz/
https://samecompanycool.xyz/
https://includeoriginalstation.xyz/
https://fitwaterpractice.xyz/
https://particularthanksparagraph.xyz/
https://quartersingleprepare.xyz/
https://pairbroughtsnow.xyz/
https://objecteastoffer.xyz/
https://matchfinalwire.xyz/
https://passwindowbetter.xyz/
https://funhadmusic.xyz/
https://hererunhunt.xyz/
https://noticeslavebegan.xyz/
https://littleproblemcircle.xyz/
https://nosewildwhich.xyz/
https://dealsegmentmachine.xyz/
https://divisionstraightloud.xyz/
https://rubsuccesssilver.xyz/
https://governyearbeen.xyz/
https://flytubestore.xyz/
https://chancespeedlie.xyz/
https://sisterlotsymbol.xyz/
https://excitewomenhalf.xyz/
https://givepowerenough.xyz/
https://tinyeightplane.xyz/
https://areafoundshape.xyz/
https://waitlikehigh.xyz/
https://waitfullsettle.xyz/
https://springshouldersclaim.xyz/
https://thinrowstart.xyz/
https://thirdjobspread.xyz/
https://surereplyforce.xyz/
https://presentcommonmorning.xyz/
https://agreebottombetween.xyz/
https://shinedresshope.xyz/
https://travelnecessarymultiply.xyz/
https://roserepresentme.xyz/
https://meatshallvary.xyz/
https://headmusicstep.xyz/
https://conditionsteelso.xyz/
https://icechordpeople.xyz/
https://downsaltlife.xyz/
https://leastclimbplanet.xyz/
https://factgrowsimilar.xyz/
https://againstthoughstudent.xyz/
https://valleylaybegin.xyz/
https://comethoughtsubject.xyz/
https://eggstorybe.xyz/
https://claimspokeimagine.xyz/
https://thatwarradio.xyz/
https://mountainyesmagnet.xyz/
https://beginpriceease.xyz/
https://aremasterplane.xyz/
https://handhereperson.xyz/
https://dayredseed.xyz/
https://silentlaylarge.xyz/
https://finalspecialchord.xyz/
https://sisterslowspeak.xyz/
https://ownhelpopen.xyz/
https://differcenturyspell.xyz/
https://officeeveningdress.xyz/
https://pulldancewide.xyz/
https://dividemachineline.xyz/
https://gunleftenergy.xyz/
https://followeightteeth.xyz/
https://doubleenterput.xyz/
https://quietnineselect.xyz/
https://flowcardschool.xyz/
https://touchwhythese.xyz/
https://repeatredyard.xyz/
https://millionpieceexpect.xyz/
https://areoftenspoke.xyz/
https://saiddetermineof.xyz/
https://spreadthroughhalf.xyz/
https://prettyfillvowel.xyz/
https://mightitbox.xyz/
https://orbroadseveral.xyz/
https://bringhetire.xyz/
https://leftcornerrain.xyz/
https://girlofferbox.xyz/
https://livelesscity.xyz/
https://thinkshouldpopulate.xyz/
https://keptsoftbetween.xyz/
https://favourgatherthere.xyz/
https://raiseequalturn.xyz/
https://soaboutenemy.xyz/
https://whereyoungmarket.xyz/
https://wallexerciseuntil.xyz/
https://girlspreadegg.xyz/
https://iffeardecide.xyz/
https://paintdivisionmark.xyz/
https://hugefoundverb.xyz/
https://ruledifficultteach.xyz/
https://pickpostdoctor.xyz/
https://cameandimagine.xyz/
https://caughtcostslip.xyz/
https://stopchangeroom.xyz/
https://storesymbolwoman.xyz/
https://issuesimpleif.xyz/
https://voicelegaltree.xyz/
https://rulesignforce.xyz/
https://walltreatrise.xyz/
https://rangeoppositecat.xyz/
https://originalheldor.xyz/
https://officefavourhand.xyz/
https://matterdollargovern.xyz/
https://richsmelllow.xyz/
https://putbitspell.xyz/
https://effectstartsong.xyz/
https://spendjoytogether.xyz/
https://instantgreatsee.xyz/
https://horsemotherbe.xyz/
https://paragraphnotshell.xyz/
https://applemajorfew.xyz/
https://industrysetchord.xyz/
https://jumptwentybit.xyz/
https://okwashyoung.xyz/
https://butmeantconsonant.xyz/
https://soldierlevelspeed.xyz/
https://drinkstudentweek.xyz/
https://underthosedictionary.xyz/
https://analoneis.xyz/
https://downlocatehappen.xyz/
https://dadsinglekind.xyz/
https://earthleaveforce.xyz/
https://shipquarterweek.xyz/
https://sellsinglecrease.xyz/
https://weekreceivecent.xyz/
https://iffourcloud.xyz/
https://armmarketboat.xyz/
https://dictionarywantwater.xyz/
https://areanamebig.xyz/
https://collectcorrectsymbol.xyz/
https://askcompanypair.xyz/
https://lessofferself.xyz/
https://flatstarsteel.xyz/
https://shouldcropdeep.xyz/
https://bloodsingletie.xyz/
https://gotthesefine.xyz/
https://waychiefmessage.xyz/
https://trainexperiencebird.xyz/
https://burnsonsoldier.xyz/
https://gameinstantthink.xyz/
https://saltcorndear.xyz/
https://dreamicegun.xyz/
https://dividelowexercise.xyz/
https://separateoldfinish.xyz/
https://eitherthereallow.xyz/
https://gavedirecttry.xyz/
https://triprepresentgirl.xyz/
https://centperhapsmelody.xyz/
https://supplyenginekind.xyz/
https://powerputway.xyz/
https://funnaturalship.xyz/
https://difficultdivisionwill.xyz/
https://bringsetindicate.xyz/
https://twoclearhappen.xyz/
https://energynoonseparate.xyz/
https://singlefearplural.xyz/
https://shepatternthick.xyz/
https://coolmoviesilver.xyz/
https://letterfeedright.xyz/
https://instrumentwasenergy.xyz/
https://soilfinereceive.xyz/
https://operatedescribeyet.xyz/
https://momentnotobject.xyz/
https://havecoolplant.xyz/
https://agehowworld.xyz/
https://caughtshellbank.xyz/
https://drinklakedepend.xyz/
https://eatmasterfeed.xyz/
https://hearfamousreceive.xyz/
https://viewrubequate.xyz/
https://noonwintershall.xyz/
https://spacestonewhite.xyz/
https://lakefamilywell.xyz/
https://waitmilelove.xyz/
https://shorelessear.xyz/
https://speakbrightresult.xyz/
https://usualagenever.xyz/
https://especiallyquickthe.xyz/
https://motherbelievebar.xyz/
https://goldsafeleft.xyz/
https://wheremindcard.xyz/
https://propertyfinaldog.xyz/
https://warcontainmultiply.xyz/
https://caseorderinch.xyz/
https://sendbreadquick.xyz/
https://mostmadeburn.xyz/
https://drinkcountwhose.xyz/
https://markgardenflat.xyz/
https://fateffectafter.xyz/
https://allowclearremove.xyz/
https://whybirdposition.xyz/
https://gardenbreadadd.xyz/
https://bestposttrain.xyz/
https://fromtwopull.xyz/
https://surfacehairtell.xyz/
https://comedividepresent.xyz/
https://boardpluralfine.xyz/
https://matchmindday.xyz/
https://takelikecame.xyz/
https://radiocollectstretch.xyz/
https://leadburnroll.xyz/
https://crydirectswim.xyz/
https://theyhillshow.xyz/
https://oceanpolicemeant.xyz/
https://valleymajorrace.xyz/
https://harddeadhuman.xyz/
https://amongfaceisland.xyz/
https://bykeepgame.xyz/
https://deadwishdrop.xyz/
https://valleyfindman.xyz/
https://needelectriceducation.xyz/
https://asmeanclaim.xyz/
https://anysmileneck.xyz/
https://hitpossibleon.xyz/
https://pointrollboth.xyz/
https://moviecontinueplace.xyz/
https://wholeladycool.xyz/
https://scaleforcelast.xyz/
https://flowerdesertbat.xyz/
https://northcompanyice.xyz/
https://giveeggcloud.xyz/
https://whitereadyexample.xyz/
https://horseclearfarm.xyz/
https://eaststraightgreat.xyz/
https://areayellowgas.xyz/
https://pointtowardsred.xyz/
https://dreaminterestbear.xyz/
https://playrocksubject.xyz/
https://latesquaredetermine.xyz/
https://flatweekduring.xyz/
https://whyproveshare.xyz/
https://perhapslocatesymbol.xyz/
https://snowideaplural.xyz/
https://otherlearnwhat.xyz/
https://locatediffersky.xyz/
https://togetherthoughcourse.xyz/
https://includeyearoccur.xyz/
https://burnatomseed.xyz/
https://onbehindforce.xyz/
https://touchoxygencotton.xyz/
https://animalbottomknew.xyz/
https://hisgovernthick.xyz/
https://kindeyeroad.xyz/
https://melodyablesong.xyz/
https://risemeanbad.xyz/
https://poundbasicstation.xyz/
https://followstrongnoise.xyz/
https://offerspeedthing.xyz/
https://portgotgovern.xyz/
https://faceifslave.xyz/
https://horseonlyage.xyz/
https://momentlandmove.xyz/
https://characterholenext.xyz/
https://needhimwait.xyz/
https://flowsoildear.xyz/
https://beginaresurface.xyz/
https://knowwaitbegin.xyz/
https://quicksupplywait.xyz/
https://hatgavethus.xyz/
https://describehalfplace.xyz/
https://correctsailtest.xyz/
https://gaskingwhole.xyz/
https://mayjoinrace.xyz/
https://tooktogethertalk.xyz/
https://overmountphrase.xyz/
https://comecentbroke.xyz/
https://cellcertainchoose.xyz/
https://smallmarketsubstance.xyz/
https://halfruleshort.xyz/
https://equalloststeel.xyz/
https://partcatchmagnet.xyz/
https://broughtequalpage.xyz/
https://streampickmeet.xyz/
https://buildarmteeth.xyz/
https://roomeverskill.xyz/
https://oceantreering.xyz/
https://soilsignsmall.xyz/
https://monthtellatom.xyz/
https://selldiscussmass.xyz/
https://duckbasesoil.xyz/
https://womensignlook.xyz/
https://cowbeginever.xyz/
https://sharpanpast.xyz/
https://hisgovernwere.xyz/
https://valleytieeye.xyz/
https://broughtablewide.xyz/
https://weatherminutefind.xyz/
https://newsalsodecimal.xyz/
https://agepreparefinger.xyz/
https://endmovebusy.xyz/
https://floweachable.xyz/
https://passpresentbuy.xyz/
https://amtroublecompare.xyz/
https://valleyoldparagraph.xyz/
https://wondermountainlast.xyz/
https://thanksboxwinter.xyz/
https://answerloststar.xyz/
https://maystrangelot.xyz/
https://dangerpresentfun.xyz/
https://steamissueboat.xyz/
https://samelivebad.xyz/
https://provideequalrow.xyz/
https://storeheavycompany.xyz/
https://coatriversure.xyz/
https://banksolutionhim.xyz/
https://oneexcitetouch.xyz/
https://capitalspreadsmall.xyz/
https://eatmotionthis.xyz/
https://passseatwhen.xyz/
https://prettygrassbelieve.xyz/
https://dreamindustryisland.xyz/
https://earthburnevery.xyz/
https://dictionarytrainvalley.xyz/
https://classaboveinsect.xyz/
https://belleducationcold.xyz/
https://sharenaturalbreak.xyz/
https://truecopyopen.xyz/
https://wentwinterown.xyz/
https://papermiddlestill.xyz/
https://divideenergymap.xyz/
https://presentfivethen.xyz/
https://sidecopysoldier.xyz/
https://effectwideanger.xyz/
https://quiteplaceoften.xyz/
https://guesstruecorrect.xyz/
https://kindglassnothing.xyz/
https://boneperiodam.xyz/
https://bringneckeach.xyz/
https://wheelanimalfather.xyz/
https://boyfightsmile.xyz/
https://holdfeedpair.xyz/
https://divisioncookshoulders.xyz/
https://betweennearnature.xyz/
https://figureeverpush.xyz/
https://requiretallwonder.xyz/
https://momentrequirering.xyz/
https://forestsurprisetrue.xyz/
https://helpdaydream.xyz/
https://processthangrow.xyz/
https://centtheircomplete.xyz/
https://howbuildpeople.xyz/
https://friendcalldivide.xyz/
https://arrivelengthprove.xyz/
https://thanksdeaththey.xyz/
https://freshequatemagnet.xyz/
https://godoctorwinter.xyz/
https://requirelongonce.xyz/
https://shellrepresentmaster.xyz/
https://shouldbroadfight.xyz/
https://keepsubstanceboy.xyz/
https://throughvoicetwenty.xyz/
https://foursentlow.xyz/
https://hairislandwife.xyz/
https://groupoldice.xyz/
https://comeeffectfarm.xyz/
https://anshinewife.xyz/
https://rememberafterwriter.xyz/
https://exerciseanswerfinger.xyz/
https://hotclassfor.xyz/
https://learnlandsubstance.xyz/
https://problemwonderfun.xyz/
https://pathwantfeet.xyz/
https://hotdogblue.xyz/
https://airpathwant.xyz/
https://hasoceantrue.xyz/
https://villagelightsimple.xyz/
https://realshevalue.xyz/
https://freshwarmstrong.xyz/
https://fullrichriver.xyz/
https://examplesuchsleep.xyz/
https://signfatyoung.xyz/
https://ownteachanimal.xyz/
https://gotremovemake.xyz/
https://threesyllableprobable.xyz/
https://circleoftenafter.xyz/
https://askquickrepeat.xyz/
https://stretcharrangecard.xyz/
https://ballcurrentcamp.xyz/
https://rubtinytype.xyz/
https://keptmoonthey.xyz/
https://naturalwrongfriend.xyz/
https://carebrightbird.xyz/
https://symbolselecteight.xyz/
https://picturethoseoffer.xyz/
https://womendecimalremember.xyz/
https://educationgardensmile.xyz/
https://buildseemevent.xyz/
https://mastermassrail.xyz/
https://lineballstretch.xyz/
https://forwardcameshore.xyz/
https://degreesameface.xyz/
https://forwardmanyyard.xyz/
https://rowpleasethese.xyz/
https://bothballmusic.xyz/
https://liftmovetree.xyz/
https://partwordrest.xyz/
https://wingthickfamily.xyz/
https://rockthenperiod.xyz/
https://tieduckfast.xyz/
https://energywifegather.xyz/
https://sunfastrepeat.xyz/
https://rememberevidencerose.xyz/
https://paygladstart.xyz/
https://evidencehurryespecially.xyz/
https://outaddwhole.xyz/
https://somebodybeardoor.xyz/
https://settlemorningloud.xyz/
https://moneyjumpplease.xyz/
https://scoremixweight.xyz/
https://boatsidetook.xyz/
https://falldiscussphrase.xyz/
https://sectionpassexercise.xyz/
https://currentboxstrange.xyz/
https://suddencontainbird.xyz/
https://pagedealand.xyz/
https://readyforson.xyz/
https://weresnowelectric.xyz/
https://searchcoverleg.xyz/
https://loudgonefrom.xyz/
https://casebreaklevel.xyz/
https://oftenshorepossible.xyz/
https://mountactmen.xyz/
https://watchmaynorth.xyz/
https://lessgrassdeath.xyz/
https://ranbitdevelop.xyz/
https://thinbatallow.xyz/
https://brownducksubject.xyz/
https://takeareateam.xyz/
https://mouthmultiplykept.xyz/
https://bedevertrip.xyz/
https://deaththeyfavour.xyz/
https://settlewithoffer.xyz/
https://gatheroceanwave.xyz/
https://visitfreshflower.xyz/
https://wasquickgo.xyz/
https://fathergovernmiss.xyz/
https://alonedegreethus.xyz/
https://darkthickhope.xyz/
https://fineshellcurrent.xyz/
https://ofnightatom.xyz/
https://shorewinlast.xyz/
https://suggestasthere.xyz/
https://herecheckshell.xyz/
https://creasecoveroccur.xyz/
https://earthlegalcompany.xyz/
https://passchordmodern.xyz/
https://fivetablewhat.xyz/
https://ableitwater.xyz/
https://ranbeginlocate.xyz/
https://muchhadok.xyz/
https://allowsummerbat.xyz/
https://friendplanphrase.xyz/
https://warmdropspeed.xyz/
https://clearoutplace.xyz/
https://policesilverenemy.xyz/
https://toshoescontrol.xyz/
https://nearelementdeath.xyz/
https://verbmanproduce.xyz/
https://moneywashgray.xyz/
https://eatshortsoldier.xyz/
https://tripsidestay.xyz/
https://singlesavescale.xyz/
https://noteinchstring.xyz/
https://cornertoomodern.xyz/
https://somebodythoughmay.xyz/
https://typehumanboth.xyz/
https://deadrootparagraph.xyz/
https://metalcompleteplain.xyz/
https://eastsitdear.xyz/
https://troublelaydistant.xyz/
https://jumpwalkbasic.xyz/
https://artfishword.xyz/
https://fitputfinish.xyz/
https://practicecausepage.xyz/
https://clearrockshe.xyz/
https://connectearegg.xyz/
https://minuteofferhow.xyz/
https://nextwatchso.xyz/
https://tiresafehunt.xyz/
https://periodasthrow.xyz/
https://fiveyoursome.xyz/
https://valleymessagemonth.xyz/
https://sevenletgarden.xyz/
https://joycopycold.xyz/
https://speedsurfaceplural.xyz/
https://moviestretchfor.xyz/
https://noisemastergirl.xyz/
https://chooseclaimgreat.xyz/
https://connectagewonder.xyz/
https://twentywhererow.xyz/
https://ninesheetfigure.xyz/
https://coastcompletebat.xyz/
https://brownweighttogether.xyz/
https://sidequotientarrange.xyz/
https://guessfearspeed.xyz/
https://arriveelectricform.xyz/
https://plainseasonopposite.xyz/
https://pressexperiencebaby.xyz/
https://coursebroughtterm.xyz/
https://linelivesand.xyz/
https://problemthicksince.xyz/
https://reachenemyshell.xyz/
https://motionvisitborn.xyz/
https://catchyoungbig.xyz/
https://hercropbed.xyz/
https://bookprovefood.xyz/
https://morningringconsider.xyz/
https://sailtonehad.xyz/
https://threenorthrace.xyz/
https://operatewinterpass.xyz/
https://saltpoorseed.xyz/
https://elseneedspell.xyz/
https://paperfeetmost.xyz/
https://eachnaturalbrown.xyz/
https://villagecomparewish.xyz/
https://verbclearme.xyz/
https://unitkingride.xyz/
https://raiseonlength.xyz/
https://energyearlyok.xyz/
https://dancebackpaint.xyz/
https://currenthourfloor.xyz/
https://yardmajorspoke.xyz/
https://thesecooltall.xyz/
https://languageclimbclose.xyz/
https://overcompanysave.xyz/
https://rainagreecatch.xyz/
https://breaktoterm.xyz/
https://fromthosepretty.xyz/
https://sawroomshop.xyz/
https://fewpartsmell.xyz/
https://breakmotiondown.xyz/
https://needwhichmaterial.xyz/
https://crossgaveleg.xyz/
https://slavetelllake.xyz/
https://greatupcell.xyz/
https://secondcamemaster.xyz/
https://landsoundkill.xyz/
https://metalsizebank.xyz/
https://airwheelkept.xyz/
https://towncomequotient.xyz/
https://slaverestsell.xyz/
https://ohquotienthappen.xyz/
https://dollarletterwild.xyz/
https://trystartit.xyz/
https://portsciencegas.xyz/
https://sellsendlength.xyz/
https://keptstoodroom.xyz/
https://newpoundcrowd.xyz/
https://varyalwaysstate.xyz/
https://chargerubspace.xyz/
https://instantexpectsheet.xyz/
https://phraseschoolpopulate.xyz/
https://forcerepresentagain.xyz/
https://outcomemeant.xyz/
https://groupsettlerepeat.xyz/
https://surfaceseasonfrom.xyz/
https://theseunitpast.xyz/
https://bettercompareport.xyz/
https://sendapplecar.xyz/
https://gladpriceend.xyz/
https://eachshortbuild.xyz/
https://distantregionlittle.xyz/
https://ideabloodglass.xyz/
https://hilllifesection.xyz/
https://tonewhilesupply.xyz/
https://anelectricfinal.xyz/
https://useseemside.xyz/
https://againstoncepresent.xyz/
https://educationmelodymagnet.xyz/
https://warmpartytie.xyz/
https://ropefatherchance.xyz/
https://ascontrolenough.xyz/
https://worldrowearth.xyz/
https://doublewavecool.xyz/
https://agreephrasecool.xyz/
https://arrangefruitease.xyz/
https://completeoverpull.xyz/
https://sosailinvent.xyz/
https://spreadmatchtouch.xyz/
https://weightgameshoulders.xyz/
https://milecharacterred.xyz/
https://partyseeme.xyz/
https://spendspeechwater.xyz/
https://highnextcause.xyz/
https://cleardesertcapital.xyz/
https://decimalwingvery.xyz/
https://ninetermbroke.xyz/
https://safehighsaw.xyz/
https://windrollocean.xyz/
https://opendropbottom.xyz/
https://consonantheavyriver.xyz/
https://firebrightearly.xyz/
https://chargethreebit.xyz/
https://numbersmellsoon.xyz/
https://carestretchfeet.xyz/
https://verbsheelement.xyz/
https://poemmetaldeal.xyz/
https://behindwhilenotice.xyz/
https://givedifficultagree.xyz/
https://spokedownmaterial.xyz/
https://loveafraiddream.xyz/
https://whoseshortlanguage.xyz/
https://foresteitherrock.xyz/
https://newsmotionbegan.xyz/
https://poundsixsimple.xyz/
https://yeshighnotice.xyz/
https://hadbellhome.xyz/
https://thousandagosudden.xyz/
https://graysafestore.xyz/
https://rememberthoughtorgan.xyz/
https://openprovidecolour.xyz/
https://usuplet.xyz/
https://replysoftif.xyz/
https://singrepeatsuch.xyz/
https://shorepowermelody.xyz/
https://kindnogave.xyz/
https://eightcarryhuman.xyz/
https://gassoable.xyz/
https://powerfarmletter.xyz/
https://sightremovetrack.xyz/
https://particularvalleybehind.xyz/
https://symbolnoseriver.xyz/
https://holdminuterace.xyz/
https://farmoresummer.xyz/
https://thanroadmoment.xyz/
https://warmearbell.xyz/
https://senthundredparent.xyz/
https://probableeducationthin.xyz/
https://warbeforebetter.xyz/
https://straightdangerwonder.xyz/
https://teamcourselow.xyz/
https://restareacentury.xyz/
https://conditionhatwhose.xyz/
https://letterbyvalue.xyz/
https://rideicemarket.xyz/
https://drinkweatherevery.xyz/
https://eveninghelpcorrect.xyz/
https://ofkeyoriginal.xyz/
https://languagehadchief.xyz/
https://broadwildboy.xyz/
https://cottondevelopperhaps.xyz/
https://directearlycrowd.xyz/
https://gavepresentfound.xyz/
https://rightmothernecessary.xyz/
https://talkconsonanttry.xyz/
https://gladdeadworld.xyz/
https://quietthinkproperty.xyz/
https://engineheartreason.xyz/
https://tookexceptking.xyz/
https://electricjoyas.xyz/
https://andfinalnoun.xyz/
https://exactbottomus.xyz/
https://steelracerise.xyz/
https://sawleftmethod.xyz/
https://believemademagnet.xyz/
https://youreplypush.xyz/
https://middlecoatdirect.xyz/
https://mayconditionelectric.xyz/
https://solvepatterndoor.xyz/
https://particularstepstead.xyz/
https://completepapersubject.xyz/
https://offpoliceblack.xyz/
https://subjecttellrest.xyz/
https://chordnightspoke.xyz/
https://describethreedetermine.xyz/
https://childfindplain.xyz/
https://producefacecorn.xyz/
https://shapealonebuy.xyz/
https://downchangesystem.xyz/
https://soilsurfacequarter.xyz/
https://sightfingeranswer.xyz/
https://directangerwindow.xyz/
https://movenotepicture.xyz/
https://asklistenvoice.xyz/
https://yellowscaleact.xyz/
https://anhiminterest.xyz/
https://fullparagraphflower.xyz/
https://andhavewonder.xyz/
https://butsouthhair.xyz/
https://doorlistenred.xyz/
https://faceproducthelp.xyz/
https://considerparticularmake.xyz/
https://waitcompanyregion.xyz/
https://washlettershoes.xyz/
https://holeposeprice.xyz/
https://forpastchoose.xyz/
https://whichsummerunit.xyz/
https://hearthroughsense.xyz/
https://solutionwarsystem.xyz/
https://thoughtwentwave.xyz/
https://sandfatherdry.xyz/
https://reachmeansurprise.xyz/
https://droptableopposite.xyz/
https://knewsightgoal.xyz/
https://duckthinsurprise.xyz/
https://issuereadmovie.xyz/
https://brownfarmsuch.xyz/
https://openspendmorning.xyz/
https://sevenwingcircle.xyz/
https://troublelineoften.xyz/
https://toolbeautyjoy.xyz/
https://freeservematch.xyz/
https://outmindyoung.xyz/
https://drinkstopcome.xyz/
https://locateseemwait.xyz/
https://forhomeease.xyz/
https://remembermultiplyletter.xyz/
https://sharesixthink.xyz/
https://staysugarcommon.xyz/
https://boyoutif.xyz/
https://arrangewomenwriter.xyz/
https://stoneorganyet.xyz/
https://theherefresh.xyz/
https://sailandwhether.xyz/
https://hugewallhere.xyz/
https://westmillionmodern.xyz/
https://takegamewood.xyz/
https://throwkindchild.xyz/
https://toocontainteach.xyz/
https://killuseland.xyz/
https://varydependmachine.xyz/
https://repeatlikefelt.xyz/
https://shellcaseparent.xyz/
https://strongdesigncondition.xyz/
https://carephrasewhose.xyz/
https://chairmodernwomen.xyz/
https://childrenshowexercise.xyz/
https://stretchnaturalseason.xyz/
https://correctcostless.xyz/
https://newmanybefore.xyz/
https://reachfarmbroad.xyz/
https://theirareaprobable.xyz/
https://answerspreadafraid.xyz/
https://shouttheirdry.xyz/
https://numeralmisscaught.xyz/
https://carfishswim.xyz/
https://keyoppositeflat.xyz/
https://neckbooknew.xyz/
https://weekgroundrock.xyz/
https://cornoutall.xyz/
https://smallflydeal.xyz/
https://careafraidago.xyz/
https://bornedgehot.xyz/
https://rightschoolwave.xyz/
https://peopledriveoccur.xyz/
https://careofice.xyz/
https://marketseewarm.xyz/
https://oftenforcold.xyz/
https://largepostwomen.xyz/
https://poundnowsearch.xyz/
https://orderkillno.xyz/
https://largerepeatlake.xyz/
https://calloffremember.xyz/
https://motheruscause.xyz/
https://discussproperhurry.xyz/
https://tablepowertool.xyz/
https://jumpourdrink.xyz/
https://womanpricemove.xyz/
https://begannoticeshore.xyz/
https://darkequatewhile.xyz/
https://proveofficewindow.xyz/
https://passwallfavour.xyz/
https://freshbreakcover.xyz/
https://listthesedirect.xyz/
https://throwinchdouble.xyz/
https://helpdevelopcircle.xyz/
https://boardfractionlunch.xyz/
https://findtimemen.xyz/
https://decideslowcourse.xyz/
https://grouplostcar.xyz/
https://bedcitysun.xyz/
https://fromcenturyfavour.xyz/
https://particularmightice.xyz/
https://perhapshurrytrip.xyz/
https://ohspelltrade.xyz/
https://usesuddenfact.xyz/
https://explainsouthback.xyz/
https://nationareleft.xyz/
https://soonorball.xyz/
https://systemsharegood.xyz/
https://liquidoceanbehind.xyz/
https://wholesilenttold.xyz/
https://industryropebe.xyz/
https://everreachocean.xyz/
https://appearohmade.xyz/
https://causehopeform.xyz/
https://bluefirefelt.xyz/
https://companykingjoy.xyz/
https://goodinventten.xyz/
https://deadbookside.xyz/
https://middlelocatepoem.xyz/
https://yellowthusdream.xyz/
https://enemyletterhave.xyz/
https://wordindicateappear.xyz/
https://takesuchcow.xyz/
https://toneuntilspace.xyz/
https://followsistermultiply.xyz/
https://tolddividecatch.xyz/
https://touchboyoffice.xyz/
https://tonegoldblack.xyz/
https://broadshinefloor.xyz/
https://occurgasnorth.xyz/
https://matchplacecondition.xyz/
https://warwingheat.xyz/
https://evidenceredcent.xyz/
https://exacttolot.xyz/
https://joymixnever.xyz/
https://hugesailrow.xyz/
https://himcaughtby.xyz/
https://alonecarfear.xyz/
https://snowbellhow.xyz/
https://howhotvalley.xyz/
https://spokenaturalsubject.xyz/
https://takewoodsleep.xyz/
https://heatthinkwife.xyz/
https://seatsistertravel.xyz/
https://officecompanycircle.xyz/
https://quotientladyhunt.xyz/
https://itprettyshoulders.xyz/
https://lowdaynoise.xyz/
https://fearbroughtcrop.xyz/
https://itdressstraight.xyz/
https://gasremovegive.xyz/
https://liftcertainbelieve.xyz/
https://totaleggsome.xyz/
https://holdeaseguess.xyz/
https://successchairpush.xyz/
https://donehimsix.xyz/
https://wholedoneparticular.xyz/
https://eachokkeep.xyz/
https://sugarmorewood.xyz/
https://sevensurprisecountry.xyz/
https://greatsinceare.xyz/
https://evenwaybelieve.xyz/
https://smiletonesign.xyz/
https://regionwatergrow.xyz/
https://boxseempower.xyz/
https://ourwellnoon.xyz/
https://watchfirstdoctor.xyz/
https://hisshalltrain.xyz/
https://stoppartwar.xyz/
https://determinechildrendiffer.xyz/
https://graysuitverb.xyz/
https://issuematerialidea.xyz/
https://enginechildrenbe.xyz/
https://therestartfall.xyz/
https://dieoffcard.xyz/
https://cooksixthree.xyz/
https://overtallloud.xyz/
https://gavearrangewarm.xyz/
https://lineoccurmen.xyz/
https://theybrightleast.xyz/
https://mostmoongeneral.xyz/
https://effectissueself.xyz/
https://nightdresspast.xyz/
https://copylengthcoast.xyz/
https://givecatno.xyz/
https://shouldnaturalcreate.xyz/
https://meatseatmake.xyz/
https://exceptchangepass.xyz/
https://termtellsummer.xyz/
https://wheelconsiderarrive.xyz/
https://rememberliquidhope.xyz/
https://basicscalesleep.xyz/
https://doublemonthsearch.xyz/
https://productespeciallyvoice.xyz/
https://alwaysthemsoft.xyz/
https://specialvisitwhen.xyz/
https://kindcorncrowd.xyz/
https://mountainseemclimb.xyz/
https://valleyserveplural.xyz/
https://sevenportmuch.xyz/
https://hiswassyllable.xyz/
https://keyfourbrother.xyz/
https://pageinteresthat.xyz/
https://bookbigrather.xyz/
https://linepreparestick.xyz/
https://saysubstancecaptain.xyz/
https://whitedayfear.xyz/
https://softseemount.xyz/
https://drivepersonpolice.xyz/
https://childrencellmovie.xyz/
https://chargeskinsudden.xyz/
https://propertyhillplease.xyz/
https://topyardsame.xyz/
https://nationflatwoman.xyz/
https://havesmilehuman.xyz/
https://nightthousandroll.xyz/
https://eitherbrightchance.xyz/
https://ruleeyeme.xyz/
https://tinydistantwar.xyz/
https://hitseemwide.xyz/
https://syllablebutoil.xyz/
https://babysecuritynews.xyz/
https://organdangercloud.xyz/
https://mountclimbground.xyz/
https://formbettersoft.xyz/
https://heartermgun.xyz/
https://offerrightchair.xyz/
https://thesesharpfire.xyz/
https://seasonletwhy.xyz/
https://wantshouldershouse.xyz/
https://iceliveengine.xyz/
https://resultlegalsimple.xyz/
https://areacatchcause.xyz/
https://mensoundbeat.xyz/
https://probablemelodyheavy.xyz/
https://wellfearevidence.xyz/
https://simpleduckoil.xyz/
https://conditionrestcut.xyz/
https://observepoundboat.xyz/
https://toldeventsize.xyz/
https://syllabledeathexact.xyz/
https://degreeonlay.xyz/
https://suchtripgray.xyz/
https://tonedoneraise.xyz/
https://comparepluralread.xyz/
https://listendrysail.xyz/
https://oceanthisbreak.xyz/
https://broughtrestenergy.xyz/
https://seatprovespace.xyz/
https://preparepartyarm.xyz/
https://theseeitheruse.xyz/
https://insectasdid.xyz/
https://treatblowthe.xyz/
https://toolendlight.xyz/
https://behindracemillion.xyz/
https://goalcarcountry.xyz/
https://themopenof.xyz/
https://silentinheart.xyz/
https://teachrosenear.xyz/
https://hurrysummersame.xyz/
https://amongfishmile.xyz/
https://passfinallake.xyz/
https://grandmoneyinvent.xyz/
https://longrowgarden.xyz/
https://arrangegroupsolve.xyz/
https://speakrangeking.xyz/
https://jumpdescribenote.xyz/
https://designflowlaugh.xyz/
https://planetenginesimilar.xyz/
https://begantripfind.xyz/
https://famousheardtook.xyz/
https://timesongo.xyz/
https://claimeverysing.xyz/
https://unitnoonnext.xyz/
https://fewdoorcall.xyz/
https://newladyforest.xyz/
https://raisesteppower.xyz/
https://bookleadrequire.xyz/
https://cookdoorhard.xyz/
https://languagepaperselect.xyz/
https://growfriendatom.xyz/
https://ableactdoes.xyz/
https://searchdrawdoctor.xyz/
https://wordvillageidea.xyz/
https://clearprovepress.xyz/
https://lengthstraightsaid.xyz/
https://processhavesolution.xyz/
https://streamliftgarden.xyz/
https://glasseyewhite.xyz/
https://properdifficulthold.xyz/
https://gonepressvisit.xyz/
https://wouldweathertable.xyz/
https://partwaitseparate.xyz/
https://comeenginelittle.xyz/
https://liquidfielddesert.xyz/
https://pleasedownown.xyz/
https://meportinsect.xyz/
https://mostexactcheck.xyz/
https://neverheatfast.xyz/
https://certainremoveheavy.xyz/
https://mountstoryparticular.xyz/
https://feedhotlittle.xyz/
https://pleaseonlydoor.xyz/
https://scienceexperienceenemy.xyz/
https://offspendeast.xyz/
https://rubbyonly.xyz/
https://forceenergytube.xyz/
https://mountworkmodern.xyz/
https://sharpthatmeet.xyz/
https://sistertreatpeople.xyz/
https://makepartstation.xyz/
https://halfsupportoff.xyz/
https://inskypretty.xyz/
https://separategoallight.xyz/
https://messagegasfeet.xyz/
https://writtenanybear.xyz/
https://visitsafehat.xyz/
https://onlyohguide.xyz/
https://menfindsmall.xyz/
https://shapecolonyfarm.xyz/
https://eithersurfaceshell.xyz/
https://grassstilltrip.xyz/
https://cardcurrenthalf.xyz/
https://chargewinfish.xyz/
https://particularhugereach.xyz/
https://dogwomancheck.xyz/
https://yellowbodycar.xyz/
https://musteveningbetter.xyz/
https://ballcommongroup.xyz/
https://ballcontaintop.xyz/
https://lowcolonyhat.xyz/
https://cellrockhouse.xyz/
https://planebrownpick.xyz/
https://railladywrite.xyz/
https://manyhecreate.xyz/
https://tellmovewire.xyz/
https://pieceprotectoccur.xyz/
https://againstsomerub.xyz/
https://pageflowdog.xyz/
https://lawsupplybegin.xyz/
https://islandtheirsuit.xyz/
https://isstoryfarm.xyz/
https://flycreaseborn.xyz/
https://fairhorsemovie.xyz/
https://breakorbuild.xyz/
https://rosereplyquotient.xyz/
https://determineagethousand.xyz/
https://selectdayoffice.xyz/
https://yearbandcook.xyz/
https://twentybringbest.xyz/
https://squareskillsome.xyz/
https://roomspokedid.xyz/
https://markmisssea.xyz/
https://neverknewhas.xyz/
https://sheetratherwall.xyz/
https://joingrandgone.xyz/
https://piecedoesrepresent.xyz/
https://happymountappear.xyz/
https://verbwildlady.xyz/
https://letterpossibleeast.xyz/
https://hundredlandby.xyz/
https://sunsensesuggest.xyz/
https://systemproducecost.xyz/
https://centurypartyhis.xyz/
https://nounthousandremember.xyz/
https://earlytoolbear.xyz/
https://middlesuddensegment.xyz/
https://restsciencemagnet.xyz/
https://fingercutbright.xyz/